pydev debugger: starting (pid: 11564)
day   : 1   offset    : 0
limit : 100000 file name : malware1

done, total : 0
day   : 2   offset    : 0
limit : 100000 file name : malware2

done, total : 0
day   : 3   offset    : 0
limit : 100000 file name : malware3
. . . . . . . . . . . . . . . . . . . . . . . . . . . . . . . . . . . . . . . . . . . . . . . 
done, total : 47
day   : 1   offset    : 0
limit : 100000 file name : botnet1

done, total : 0
day   : 2   offset    : 0
limit : 100000 file name : botnet2

done, total : 0
day   : 3   offset    : 0
limit : 100000 file name : botnet3

done, total : 0
day   : 1   offset    : 0
limit : 100000 file name : spam1

done, total : 0
day   : 2   offset    : 0
limit : 100000 file name : spam2

done, total : 0
day   : 3   offset    : 0
limit : 100000 file name : spam3
. . . . . . . . . . . . . . . . . . . . . . . . . . . . . . . . . . . . . . . . . . . . . . . . . . . . . . . . . . . . . . . . . . . . . . . . . . . . . . . . . . . . . . . . . . . . . . . . . . . . . . . . . . . . . . . . . . . . . . . . . . . . . . . . . . . . . . . . . . . . . . . . . . . . . . . . . . . . . . . . . . . . . . . . . . . . . . . . . . . . . . . . . . . . . . . . . . . . . . . . . . . . . . . . . . . . . . . . . . . . . . . . . . . . . . . . . . . . . . . . . . . . . . . . . . . . . . . . . . . . . . . . . . . . . . . . 
done, total : 272
day   : 1   offset    : 0
limit : 100000 file name : phishing1

done, total : 0
day   : 2   offset    : 0
limit : 100000 file name : phishing2

done, total : 0
day   : 3   offset    : 0
limit : 100000 file name : phishing3
. 
done, total : 1
day   : 1   offset    : 0
limit : 100000 file name : malicious%20activity1

done, total : 0
day   : 2   offset    : 0
limit : 100000 file name : malicious%20activity2

done, total : 0
day   : 3   offset    : 0
limit : 100000 file name : malicious%20activity3
. . . . . . . . . . . . . . . . . . . . . . . . . . . . . . . . . . . . . . . . . . . . . . . . . . . . . . . . . . . . . . . . . . . . . . . . . . . . . . . . . . . . . . . . . . . . . . . . . . . . . . . . . . . . . . . . . . . . . . . . . . . . . . . . . . . . . . . . . . . . . . . . . . . . . . . . . . . . . . . . . . . . . . . . . . . . . . . . . . . . . . . . . . . . . . . . . . . . . . . . . . . . . . . . . . . . . . . . . . . . . . . . . . . . . . . . . . . . . . . . . . . . . . . . . . . . . . . . . . . . . . . . . . . . . . . . . . . . . . . . . . . . . . . . . . . . . . . . . . . . . . . . . . . . . . . . . . . . . . . . . . . . . . . . . . . . . . . . . . . . . . . . . . . . . . . . . . . . . . . . . . . . . . . . . . . . . . . . . . . . . . . . . . . . . . . . . . . . . . . . . . . . . . . . . . . . . . . . . . . . . . . . . . . . . . . . . . . . . . . . . . . . . . . . . . . . . . . . . . . . . . . . . . . . . . . . . . . . . . . . . . . . . . . . . . . . . . . . . . . . . . . . . . . . . . . . . . . . . . . . . . . . . . . . . . . . . . . . . . . . . . . . . . . . . . . . . . . . . . . . . . . . . . . . . . . . . . . . . . . . . . . . . . . . . . . . . . . . . . . . . . . . . . . . . . . . . . . . . . . . . . . . . . . . . . . . . . . . . . . . . . . . . . . . . . . . . . . . . . . . . . . . . . . . . . . . . . . . . . . . . . . . . . . . . . . . . . . . . . . . . . . . . . . . . . . . . . . . . . . . . . . . . . . . . . . . . . . . . . . . . . . . . . . . . . . . . . . . . . . . . . . . . . . . . . . . . . . . . . . . . . . . . . . . . . . . . . . . . . . . . . . . . . . . . . . . . . . . . . . . . . . . . . . . . . . . . . . . . . . . . . . . . . . . . . . . . . . . . . . . . . . . . . . . . . . . . . . . . . . . . . . . . . . . . . . . . . . . . . . . . . . . . . . . . . . . . . . . . . . . . . . . . . . . . . . . . . . . . . . . . . . . . . . . . . . . . . . . . . . . . . . . . . . . . . . . . . . . . . . . . . . . . . . . . . . . . . . . . . . . . . . . . . . 
done, total : 1007
day   : 1   offset    : 0
limit : 100000 file name : blacklist1

done, total : 0
day   : 2   offset    : 0
limit : 100000 file name : blacklist2

done, total : 0
day   : 3   offset    : 0
limit : 100000 file name : blacklist3
. . . . . . . . . . . . . . . . . . . . . . . . . . . . . . . . . . . . . . . . . . . . . . . . . . . . . . . . . . . . . . . . . . . . . . . . . . . . . . . . . . . . . . . . . . . . . . . . . . . 
done, total : 99
day   : 1   offset    : 0
limit : 100000 file name : dnsbl1

done, total : 0
day   : 2   offset    : 0
limit : 100000 file name : dnsbl2

done, total : 0
day   : 3   offset    : 0
limit : 100000 file name : dnsbl3
. . . . . . . . . . . . . . . . . . . . . . . . . . . . . . . . . . . . . . . . . . . . . . . . . . . . . . . . . . . . . . . . . . . . . . . . . . . . . . . . . . . . . . . . . . . . . . . . . . . . . . . . . . . . . . . . . . . . . . . . . . . . . . . . . . . . . . . . . . . . . . . . . . . . . . . . . . . . . . . . . . . . . . . . . . . . . . . . . . . . . . . . . . . . . . . . . . . . . . . . . . . . . . . . . . . . . . . . . . . . . . . . . . . . . . . . . . . . . . . . . . . . . . . . . . . . . . . . . . . . . . . . . . . . . . . . . . . . . . . . . . . . . . . . . . . . . . . . . . . 
done, total : 299

